2016/11/24 11:40:05: Starting to process AIML files found in the directory E:\OneDrove\OneDrive\发核心\项目\AIMLBot-master\ConsoleBot\bin\Debug\aiml

2016/11/24 11:40:05: Processing AIML file: E:\OneDrove\OneDrive\发核心\项目\AIMLBot-master\ConsoleBot\bin\Debug\aiml\bind.aiml

2016/11/24 11:40:05: Processing AIML file: E:\OneDrove\OneDrive\发核心\项目\AIMLBot-master\ConsoleBot\bin\Debug\aiml\book.aiml

2016/11/24 11:40:05: Processing AIML file: E:\OneDrove\OneDrive\发核心\项目\AIMLBot-master\ConsoleBot\bin\Debug\aiml\Default.aiml

2016/11/24 11:40:05: Processing AIML file: E:\OneDrove\OneDrive\发核心\项目\AIMLBot-master\ConsoleBot\bin\Debug\aiml\joke.aiml

2016/11/24 11:40:05: Processing AIML file: E:\OneDrove\OneDrive\发核心\项目\AIMLBot-master\ConsoleBot\bin\Debug\aiml\library.aiml

2016/11/24 11:40:05: Finished processing the AIML files. 99 categories processed.

2016/11/24 11:40:09: The bot could not find any response for the input: 我是杨帆 with the path(s): 
我是杨帆 <that> * <topic> *
 from the user with an id: oegwGtx2ja_ldFfAoFqj_6pnBfUk

2016/11/24 11:40:45: The bot could not find any response for the input: 我是杨帆 with the path(s): 
我是杨帆 <that> * <topic> *
 from the user with an id: oegwGtx2ja_ldFfAoFqj_6pnBfUk

2016/11/24 11:40:47: The bot could not find any response for the input: 我是杨帆 with the path(s): 
我是杨帆 <that> * <topic> *
 from the user with an id: oegwGtx2ja_ldFfAoFqj_6pnBfUk

2016/11/24 11:40:48: The bot could not find any response for the input: 我是杨帆 with the path(s): 
我是杨帆 <that> * <topic> *
 from the user with an id: oegwGtx2ja_ldFfAoFqj_6pnBfUk

2016/11/24 11:40:49: The bot could not find any response for the input: 我是杨帆 with the path(s): 
我是杨帆 <that> * <topic> *
 from the user with an id: oegwGtx2ja_ldFfAoFqj_6pnBfUk

2016/11/24 11:40:50: The bot could not find any response for the input: 我是杨帆 with the path(s): 
我是杨帆 <that> * <topic> *
 from the user with an id: oegwGtx2ja_ldFfAoFqj_6pnBfUk

2016/11/24 11:40:50: The bot could not find any response for the input: 我是杨帆 with the path(s): 
我是杨帆 <that> * <topic> *
 from the user with an id: oegwGtx2ja_ldFfAoFqj_6pnBfUk

2016/11/24 11:40:54: The bot could not find any response for the input: 我是杨帆 with the path(s): 
我是杨帆 <that> * <topic> *
 from the user with an id: oegwGtx2ja_ldFfAoFqj_6pnBfUk

2016/11/24 11:40:56: The bot could not find any response for the input: 我是杨帆 with the path(s): 
我是杨帆 <that> * <topic> *
 from the user with an id: oegwGtx2ja_ldFfAoFqj_6pnBfUk

2016/11/24 11:41:01: The bot could not find any response for the input: 我是杨帆 with the path(s): 
我是杨帆 <that> * <topic> *
 from the user with an id: oegwGtx2ja_ldFfAoFqj_6pnBfUk

2016/11/24 11:41:03: The bot could not find any response for the input: 我是杨帆 with the path(s): 
我是杨帆 <that> * <topic> *
 from the user with an id: oegwGtx2ja_ldFfAoFqj_6pnBfUk

2016/11/24 11:41:04: The bot could not find any response for the input: 我是杨帆 with the path(s): 
我是杨帆 <that> * <topic> *
 from the user with an id: oegwGtx2ja_ldFfAoFqj_6pnBfUk

2016/11/24 11:41:04: The bot could not find any response for the input: 我是杨帆 with the path(s): 
我是杨帆 <that> * <topic> *
 from the user with an id: oegwGtx2ja_ldFfAoFqj_6pnBfUk

2016/11/24 11:41:06: The bot could not find any response for the input: 我是杨帆 with the path(s): 
我是杨帆 <that> * <topic> *
 from the user with an id: oegwGtx2ja_ldFfAoFqj_6pnBfUk

2016/11/24 11:41:07: The bot could not find any response for the input: 我是杨帆 with the path(s): 
我是杨帆 <that> * <topic> *
 from the user with an id: oegwGtx2ja_ldFfAoFqj_6pnBfUk

2016/11/24 11:41:07: The bot could not find any response for the input: 我是杨帆 with the path(s): 
我是杨帆 <that> * <topic> *
 from the user with an id: oegwGtx2ja_ldFfAoFqj_6pnBfUk

2016/11/24 11:41:08: The bot could not find any response for the input: 我是杨帆 with the path(s): 
我是杨帆 <that> * <topic> *
 from the user with an id: oegwGtx2ja_ldFfAoFqj_6pnBfUk

2016/11/24 11:41:08: The bot could not find any response for the input: 我是杨帆 with the path(s): 
我是杨帆 <that> * <topic> *
 from the user with an id: oegwGtx2ja_ldFfAoFqj_6pnBfUk

2016/11/24 11:41:10: The bot could not find any response for the input: 我是杨帆 with the path(s): 
我是杨帆 <that> * <topic> *
 from the user with an id: oegwGtx2ja_ldFfAoFqj_6pnBfUk

2016/11/24 11:41:10: The bot could not find any response for the input: 我是杨帆 with the path(s): 
我是杨帆 <that> * <topic> *
 from the user with an id: oegwGtx2ja_ldFfAoFqj_6pnBfUk

2016/11/24 11:41:11: The bot could not find any response for the input: 我是杨帆 with the path(s): 
我是杨帆 <that> * <topic> *
 from the user with an id: oegwGtx2ja_ldFfAoFqj_6pnBfUk

2016/11/24 11:41:14: The bot could not find any response for the input: 我是杨帆 with the path(s): 
我是杨帆 <that> * <topic> *
 from the user with an id: oegwGtx2ja_ldFfAoFqj_6pnBfUk

2016/11/24 11:41:14: The bot could not find any response for the input: 我是杨帆 with the path(s): 
我是杨帆 <that> * <topic> *
 from the user with an id: oegwGtx2ja_ldFfAoFqj_6pnBfUk

2016/11/24 11:41:15: The bot could not find any response for the input: 我是杨帆 with the path(s): 
我是杨帆 <that> * <topic> *
 from the user with an id: oegwGtx2ja_ldFfAoFqj_6pnBfUk

2016/11/24 11:41:16: The bot could not find any response for the input: 我是杨帆 with the path(s): 
我是杨帆 <that> * <topic> *
 from the user with an id: oegwGtx2ja_ldFfAoFqj_6pnBfUk

2016/11/24 11:41:18: The bot could not find any response for the input: 我是杨帆 with the path(s): 
我是杨帆 <that> * <topic> *
 from the user with an id: oegwGtx2ja_ldFfAoFqj_6pnBfUk

2016/11/24 11:41:19: The bot could not find any response for the input: 我是杨帆 with the path(s): 
我是杨帆 <that> * <topic> *
 from the user with an id: oegwGtx2ja_ldFfAoFqj_6pnBfUk

2016/11/24 11:41:22: The bot could not find any response for the input: 我是杨帆 with the path(s): 
我是杨帆 <that> * <topic> *
 from the user with an id: oegwGtx2ja_ldFfAoFqj_6pnBfUk

2016/11/24 11:41:23: The bot could not find any response for the input: 我是杨帆 with the path(s): 
我是杨帆 <that> * <topic> *
 from the user with an id: oegwGtx2ja_ldFfAoFqj_6pnBfUk

2016/11/24 11:41:24: The bot could not find any response for the input: 我是杨帆 with the path(s): 
我是杨帆 <that> * <topic> *
 from the user with an id: oegwGtx2ja_ldFfAoFqj_6pnBfUk

2016/11/24 11:41:24: The bot could not find any response for the input: 我是杨帆 with the path(s): 
我是杨帆 <that> * <topic> *
 from the user with an id: oegwGtx2ja_ldFfAoFqj_6pnBfUk

2016/11/24 11:41:25: The bot could not find any response for the input: 我是杨帆 with the path(s): 
我是杨帆 <that> * <topic> *
 from the user with an id: oegwGtx2ja_ldFfAoFqj_6pnBfUk

2016/11/24 11:41:26: The bot could not find any response for the input: 我是杨帆 with the path(s): 
我是杨帆 <that> * <topic> *
 from the user with an id: oegwGtx2ja_ldFfAoFqj_6pnBfUk

2016/11/24 11:41:26: The bot could not find any response for the input: 我是杨帆 with the path(s): 
我是杨帆 <that> * <topic> *
 from the user with an id: oegwGtx2ja_ldFfAoFqj_6pnBfUk

2016/11/24 11:41:27: The bot could not find any response for the input: 我是杨帆 with the path(s): 
我是杨帆 <that> * <topic> *
 from the user with an id: oegwGtx2ja_ldFfAoFqj_6pnBfUk

2016/11/24 11:41:27: The bot could not find any response for the input: 我是杨帆 with the path(s): 
我是杨帆 <that> * <topic> *
 from the user with an id: oegwGtx2ja_ldFfAoFqj_6pnBfUk

2016/11/24 11:41:28: The bot could not find any response for the input: 我是杨帆 with the path(s): 
我是杨帆 <that> * <topic> *
 from the user with an id: oegwGtx2ja_ldFfAoFqj_6pnBfUk

2016/11/24 11:41:28: The bot could not find any response for the input: 我是杨帆 with the path(s): 
我是杨帆 <that> * <topic> *
 from the user with an id: oegwGtx2ja_ldFfAoFqj_6pnBfUk

2016/11/24 11:41:29: The bot could not find any response for the input: 我是杨帆 with the path(s): 
我是杨帆 <that> * <topic> *
 from the user with an id: oegwGtx2ja_ldFfAoFqj_6pnBfUk

2016/11/24 11:41:29: The bot could not find any response for the input: 我是杨帆 with the path(s): 
我是杨帆 <that> * <topic> *
 from the user with an id: oegwGtx2ja_ldFfAoFqj_6pnBfUk

2016/11/24 11:41:30: The bot could not find any response for the input: 我是杨帆 with the path(s): 
我是杨帆 <that> * <topic> *
 from the user with an id: oegwGtx2ja_ldFfAoFqj_6pnBfUk

2016/11/24 11:41:53: The bot could not find any response for the input: 我是杨帆 with the path(s): 
我是杨帆 <that> * <topic> *
 from the user with an id: oegwGtx2ja_ldFfAoFqj_6pnBfUk

2016/11/24 11:41:53: The bot could not find any response for the input: 我是杨帆 with the path(s): 
我是杨帆 <that> * <topic> *
 from the user with an id: oegwGtx2ja_ldFfAoFqj_6pnBfUk

2016/11/24 11:41:55: The bot could not find any response for the input: 我是杨帆 with the path(s): 
我是杨帆 <that> * <topic> *
 from the user with an id: oegwGtx2ja_ldFfAoFqj_6pnBfUk

2016/11/24 11:41:56: The bot could not find any response for the input: 我是杨帆 with the path(s): 
我是杨帆 <that> * <topic> *
 from the user with an id: oegwGtx2ja_ldFfAoFqj_6pnBfUk

2016/11/24 11:41:57: The bot could not find any response for the input: 我是杨帆 with the path(s): 
我是杨帆 <that> * <topic> *
 from the user with an id: oegwGtx2ja_ldFfAoFqj_6pnBfUk

2016/11/24 11:41:58: The bot could not find any response for the input: 我是杨帆 with the path(s): 
我是杨帆 <that> * <topic> *
 from the user with an id: oegwGtx2ja_ldFfAoFqj_6pnBfUk

2016/11/24 11:41:58: The bot could not find any response for the input: 我是杨帆 with the path(s): 
我是杨帆 <that> * <topic> *
 from the user with an id: oegwGtx2ja_ldFfAoFqj_6pnBfUk

2016/11/24 11:41:59: The bot could not find any response for the input: 我是杨帆 with the path(s): 
我是杨帆 <that> * <topic> *
 from the user with an id: oegwGtx2ja_ldFfAoFqj_6pnBfUk

2016/11/24 11:41:59: The bot could not find any response for the input: 我是杨帆 with the path(s): 
我是杨帆 <that> * <topic> *
 from the user with an id: oegwGtx2ja_ldFfAoFqj_6pnBfUk

2016/11/24 11:42:02: The bot could not find any response for the input: 我是杨帆 with the path(s): 
我是杨帆 <that> * <topic> *
 from the user with an id: oegwGtx2ja_ldFfAoFqj_6pnBfUk

2016/11/24 11:42:02: The bot could not find any response for the input: 我是杨帆 with the path(s): 
我是杨帆 <that> * <topic> *
 from the user with an id: oegwGtx2ja_ldFfAoFqj_6pnBfUk

2016/11/24 11:42:03: The bot could not find any response for the input: 我是杨帆 with the path(s): 
我是杨帆 <that> * <topic> *
 from the user with an id: oegwGtx2ja_ldFfAoFqj_6pnBfUk

2016/11/24 11:42:04: The bot could not find any response for the input: 我是杨帆 with the path(s): 
我是杨帆 <that> * <topic> *
 from the user with an id: oegwGtx2ja_ldFfAoFqj_6pnBfUk

2016/11/24 11:42:04: The bot could not find any response for the input: 我是杨帆 with the path(s): 
我是杨帆 <that> * <topic> *
 from the user with an id: oegwGtx2ja_ldFfAoFqj_6pnBfUk

2016/11/24 11:42:05: The bot could not find any response for the input: 我是杨帆 with the path(s): 
我是杨帆 <that> * <topic> *
 from the user with an id: oegwGtx2ja_ldFfAoFqj_6pnBfUk

2016/11/24 11:42:06: The bot could not find any response for the input: 我是杨帆 with the path(s): 
我是杨帆 <that> * <topic> *
 from the user with an id: oegwGtx2ja_ldFfAoFqj_6pnBfUk

