2016/11/14 21:48:39: Starting to process AIML files found in the directory F:\OneDrive\发核心\项目\AIMLBot-master\ConsoleBot\bin\Debug\aiml

2016/11/14 21:48:39: Processing AIML file: F:\OneDrive\发核心\项目\AIMLBot-master\ConsoleBot\bin\Debug\aiml\Default.aiml

2016/11/14 21:48:39: Finished processing the AIML files. 5 categories processed.

2016/11/14 21:49:43: The bot could not find any response for the input: 我爱你 with the path(s): 
 from the user with an id: consoleUser

2016/11/14 21:49:44: The bot could not find any response for the input: 我爱你 with the path(s): 
 from the user with an id: consoleUser

2016/11/14 21:49:45: The bot could not find any response for the input: 我爱你 with the path(s): 
 from the user with an id: consoleUser

2016/11/14 21:49:46: The bot could not find any response for the input: 我爱你 with the path(s): 
 from the user with an id: consoleUser

2016/11/14 21:49:55: The bot could not find any response for the input: 我爱你 with the path(s): 
 from the user with an id: consoleUser

2016/11/14 21:49:57: The bot could not find any response for the input: 我爱你 with the path(s): 
 from the user with an id: consoleUser

2016/11/14 21:49:59: The bot could not find any response for the input: 我爱你 with the path(s): 
 from the user with an id: consoleUser

2016/11/14 21:50:06: The bot could not find any response for the input: 我爱你 with the path(s): 
 from the user with an id: consoleUser

2016/11/14 21:58:45: The bot could not find any response for the input: 我爱你 with the path(s): 
 from the user with an id: consoleUser

2016/11/14 21:58:47: The bot could not find any response for the input: 我爱你 with the path(s): 
 from the user with an id: consoleUser

2016/11/14 21:58:52: The bot could not find any response for the input: 我爱你 with the path(s): 
我爱你 <that> * <topic> *
 from the user with an id: consoleUser

2016/11/14 21:58:55: The bot could not find any response for the input: 我爱你 with the path(s): 
我爱你 <that> * <topic> *
 from the user with an id: consoleUser

2016/11/14 21:58:55: The bot could not find any response for the input: 我爱你 with the path(s): 
我爱你 <that> * <topic> *
 from the user with an id: consoleUser

2016/11/14 21:58:55: The bot could not find any response for the input: 我爱你 with the path(s): 
我爱你 <that> * <topic> *
 from the user with an id: consoleUser

2016/11/14 21:58:56: The bot could not find any response for the input: 我爱你 with the path(s): 
我爱你 <that> * <topic> *
 from the user with an id: consoleUser

2016/11/14 21:58:57: The bot could not find any response for the input: 我爱你 with the path(s): 
我爱你 <that> * <topic> *
 from the user with an id: consoleUser

2016/11/14 21:58:57: The bot could not find any response for the input: 我爱你 with the path(s): 
我爱你 <that> * <topic> *
 from the user with an id: consoleUser

2016/11/14 21:59:03: The bot could not find any response for the input: 我爱你 with the path(s): 
我爱你 <that> * <topic> *
 from the user with an id: consoleUser

2016/11/14 21:59:03: The bot could not find any response for the input: 我爱你 with the path(s): 
我爱你 <that> * <topic> *
 from the user with an id: consoleUser

2016/11/14 21:59:07: The bot could not find any response for the input: 我爱你 with the path(s): 
我爱你 <that> * <topic> *
 from the user with an id: consoleUser

2016/11/14 21:59:08: The bot could not find any response for the input: 我爱你 with the path(s): 
我爱你 <that> * <topic> *
 from the user with an id: consoleUser

2016/11/14 22:03:37: The bot could not find any response for the input: 我爱你 with the path(s): 
我爱你 <that> * <topic> *
 from the user with an id: consoleUser

2016/11/14 22:03:39: The bot could not find any response for the input: 我爱你 with the path(s): 
我爱你 <that> * <topic> *
 from the user with an id: consoleUser

2016/11/14 22:03:43: The bot could not find any response for the input: 我爱你 with the path(s): 
我爱你 <that> * <topic> *
 from the user with an id: consoleUser

2016/11/14 22:04:16: The bot could not find any response for the input: 我爱你 with the path(s): 
我爱你 <that> * <topic> *
 from the user with an id: consoleUser

2016/11/14 22:04:32: The bot could not find any response for the input: 我爱你 with the path(s): 
我爱你 <that> * <topic> *
 from the user with an id: consoleUser

2016/11/14 22:04:33: The bot could not find any response for the input: 我爱你 with the path(s): 
我爱你 <that> * <topic> *
 from the user with an id: consoleUser

2016/11/14 22:04:39: The bot could not find any response for the input: 我爱你 with the path(s): 
我爱你 <that> * <topic> *
 from the user with an id: consoleUser

2016/11/14 22:04:39: The bot could not find any response for the input: 我爱你 with the path(s): 
我爱你 <that> * <topic> *
 from the user with an id: consoleUser

2016/11/14 22:04:40: The bot could not find any response for the input: 我爱你 with the path(s): 
我爱你 <that> * <topic> *
 from the user with an id: consoleUser

2016/11/14 22:04:41: The bot could not find any response for the input: 我爱你 with the path(s): 
我爱你 <that> * <topic> *
 from the user with an id: consoleUser

2016/11/14 22:04:42: The bot could not find any response for the input: 我爱你 with the path(s): 
我爱你 <that> * <topic> *
 from the user with an id: consoleUser

2016/11/14 22:04:43: The bot could not find any response for the input: 我爱你 with the path(s): 
我爱你 <that> * <topic> *
 from the user with an id: consoleUser

2016/11/14 22:04:44: The bot could not find any response for the input: 我爱你 with the path(s): 
我爱你 <that> * <topic> *
 from the user with an id: consoleUser

2016/11/14 22:05:18: The bot could not find any response for the input: 我爱你 with the path(s): 
我爱你 <that> * <topic> *
 from the user with an id: consoleUser

2016/11/14 22:05:18: The bot could not find any response for the input: 我爱你 with the path(s): 
我爱你 <that> * <topic> *
 from the user with an id: consoleUser

2016/11/14 22:05:19: The bot could not find any response for the input: 我爱你 with the path(s): 
我爱你 <that> * <topic> *
 from the user with an id: consoleUser

2016/11/14 22:05:36: The bot could not find any response for the input: 我爱你 with the path(s): 
我爱你 <that> * <topic> *
 from the user with an id: consoleUser

2016/11/14 22:05:36: The bot could not find any response for the input: 我爱你 with the path(s): 
我爱你 <that> * <topic> *
 from the user with an id: consoleUser

2016/11/14 22:05:39: The bot could not find any response for the input: 我爱你 with the path(s): 
我爱你 <that> * <topic> *
 from the user with an id: consoleUser

2016/11/14 22:05:41: The bot could not find any response for the input: 我爱你 with the path(s): 
我爱你 <that> * <topic> *
 from the user with an id: consoleUser

2016/11/14 22:06:06: The bot could not find any response for the input: 我爱你 with the path(s): 
我爱你 <that> * <topic> *
 from the user with an id: consoleUser

2016/11/14 22:06:08: The bot could not find any response for the input: 我爱你 with the path(s): 
我爱你 <that> * <topic> *
 from the user with an id: consoleUser

2016/11/14 22:06:10: The bot could not find any response for the input: 我爱你 with the path(s): 
我爱你 <that> * <topic> *
 from the user with an id: consoleUser

2016/11/14 22:06:14: The bot could not find any response for the input: 我爱你 with the path(s): 
我爱你 <that> * <topic> *
 from the user with an id: consoleUser

2016/11/14 22:06:15: The bot could not find any response for the input: 我爱你 with the path(s): 
我爱你 <that> * <topic> *
 from the user with an id: consoleUser

2016/11/14 22:06:17: The bot could not find any response for the input: 我爱你 with the path(s): 
我爱你 <that> * <topic> *
 from the user with an id: consoleUser

2016/11/14 22:06:18: The bot could not find any response for the input: 我爱你 with the path(s): 
我爱你 <that> * <topic> *
 from the user with an id: consoleUser

2016/11/14 22:06:18: The bot could not find any response for the input: 我爱你 with the path(s): 
我爱你 <that> * <topic> *
 from the user with an id: consoleUser

2016/11/14 22:06:19: The bot could not find any response for the input: 我爱你 with the path(s): 
我爱你 <that> * <topic> *
 from the user with an id: consoleUser

2016/11/14 22:06:20: The bot could not find any response for the input: 我爱你 with the path(s): 
我爱你 <that> * <topic> *
 from the user with an id: consoleUser

2016/11/14 22:06:20: The bot could not find any response for the input: 我爱你 with the path(s): 
我爱你 <that> * <topic> *
 from the user with an id: consoleUser

2016/11/14 22:06:20: The bot could not find any response for the input: 我爱你 with the path(s): 
我爱你 <that> * <topic> *
 from the user with an id: consoleUser

2016/11/14 22:06:21: The bot could not find any response for the input: 我爱你 with the path(s): 
我爱你 <that> * <topic> *
 from the user with an id: consoleUser

2016/11/14 22:06:29: The bot could not find any response for the input: 我爱你 with the path(s): 
我爱你 <that> * <topic> *
 from the user with an id: consoleUser

2016/11/14 22:06:30: The bot could not find any response for the input: 我爱你 with the path(s): 
我爱你 <that> * <topic> *
 from the user with an id: consoleUser

2016/11/14 22:06:35: The bot could not find any response for the input: 我爱你 with the path(s): 
我爱你 <that> * <topic> *
 from the user with an id: consoleUser

2016/11/14 22:06:44: The bot could not find any response for the input: 我爱你 with the path(s): 
我爱你 <that> * <topic> *
 from the user with an id: consoleUser

2016/11/14 22:06:44: The bot could not find any response for the input: 我爱你 with the path(s): 
我爱你 <that> * <topic> *
 from the user with an id: consoleUser

2016/11/14 22:06:46: The bot could not find any response for the input: 我爱你 with the path(s): 
我爱你 <that> * <topic> *
 from the user with an id: consoleUser

2016/11/14 22:06:48: The bot could not find any response for the input: 我爱你 with the path(s): 
我爱你 <that> * <topic> *
 from the user with an id: consoleUser

2016/11/14 22:06:48: The bot could not find any response for the input: 我爱你 with the path(s): 
我爱你 <that> * <topic> *
 from the user with an id: consoleUser

2016/11/14 22:06:49: The bot could not find any response for the input: 我爱你 with the path(s): 
我爱你 <that> * <topic> *
 from the user with an id: consoleUser

2016/11/14 22:06:50: The bot could not find any response for the input: 我爱你 with the path(s): 
我爱你 <that> * <topic> *
 from the user with an id: consoleUser

2016/11/14 22:06:50: The bot could not find any response for the input: 我爱你 with the path(s): 
我爱你 <that> * <topic> *
 from the user with an id: consoleUser

2016/11/14 22:06:52: The bot could not find any response for the input: 我爱你 with the path(s): 
我爱你 <that> * <topic> *
 from the user with an id: consoleUser

2016/11/14 22:06:56: The bot could not find any response for the input: 我爱你 with the path(s): 
我爱你 <that> * <topic> *
 from the user with an id: consoleUser

2016/11/14 22:06:57: The bot could not find any response for the input: 我爱你 with the path(s): 
我爱你 <that> * <topic> *
 from the user with an id: consoleUser

2016/11/14 22:07:14: The bot could not find any response for the input: 我爱你 with the path(s): 
我爱你 <that> * <topic> *
 from the user with an id: consoleUser

2016/11/14 22:07:15: The bot could not find any response for the input: 我爱你 with the path(s): 
我爱你 <that> * <topic> *
 from the user with an id: consoleUser

2016/11/14 22:07:16: The bot could not find any response for the input: 我爱你 with the path(s): 
我爱你 <that> * <topic> *
 from the user with an id: consoleUser

2016/11/14 22:07:21: The bot could not find any response for the input: 我爱你 with the path(s): 
我爱你 <that> * <topic> *
 from the user with an id: consoleUser

2016/11/14 22:07:22: The bot could not find any response for the input: 我爱你 with the path(s): 
我爱你 <that> * <topic> *
 from the user with an id: consoleUser

2016/11/14 22:07:23: The bot could not find any response for the input: 我爱你 with the path(s): 
我爱你 <that> * <topic> *
 from the user with an id: consoleUser

2016/11/14 22:07:23: The bot could not find any response for the input: 我爱你 with the path(s): 
我爱你 <that> * <topic> *
 from the user with an id: consoleUser

2016/11/14 22:07:24: The bot could not find any response for the input: 我爱你 with the path(s): 
我爱你 <that> * <topic> *
 from the user with an id: consoleUser

2016/11/14 22:07:25: The bot could not find any response for the input: 我爱你 with the path(s): 
我爱你 <that> * <topic> *
 from the user with an id: consoleUser

2016/11/14 22:07:25: The bot could not find any response for the input: 我爱你 with the path(s): 
我爱你 <that> * <topic> *
 from the user with an id: consoleUser

2016/11/14 22:07:28: The bot could not find any response for the input: 我爱你 with the path(s): 
我爱你 <that> * <topic> *
 from the user with an id: consoleUser

2016/11/14 22:07:28: The bot could not find any response for the input: 我爱你 with the path(s): 
我爱你 <that> * <topic> *
 from the user with an id: consoleUser

2016/11/14 22:07:29: The bot could not find any response for the input: 我爱你 with the path(s): 
我爱你 <that> * <topic> *
 from the user with an id: consoleUser

2016/11/14 22:07:29: The bot could not find any response for the input: 我爱你 with the path(s): 
我爱你 <that> * <topic> *
 from the user with an id: consoleUser

2016/11/14 22:07:30: The bot could not find any response for the input: 我爱你 with the path(s): 
我爱你 <that> * <topic> *
 from the user with an id: consoleUser

2016/11/14 22:07:30: The bot could not find any response for the input: 我爱你 with the path(s): 
我爱你 <that> * <topic> *
 from the user with an id: consoleUser

2016/11/14 22:07:31: The bot could not find any response for the input: 我爱你 with the path(s): 
我爱你 <that> * <topic> *
 from the user with an id: consoleUser

2016/11/14 22:07:31: The bot could not find any response for the input: 我爱你 with the path(s): 
我爱你 <that> * <topic> *
 from the user with an id: consoleUser

2016/11/14 22:07:32: The bot could not find any response for the input: 我爱你 with the path(s): 
我爱你 <that> * <topic> *
 from the user with an id: consoleUser

2016/11/14 22:07:33: The bot could not find any response for the input: 我爱你 with the path(s): 
我爱你 <that> * <topic> *
 from the user with an id: consoleUser

2016/11/14 22:07:34: The bot could not find any response for the input: 我爱你 with the path(s): 
我爱你 <that> * <topic> *
 from the user with an id: consoleUser

2016/11/14 22:07:35: The bot could not find any response for the input: 我爱你 with the path(s): 
我爱你 <that> * <topic> *
 from the user with an id: consoleUser

2016/11/14 22:07:38: The bot could not find any response for the input: 我爱你 with the path(s): 
我爱你 <that> * <topic> *
 from the user with an id: consoleUser

2016/11/14 22:07:46: The bot could not find any response for the input: 我爱你 with the path(s): 
我爱你 <that> * <topic> *
 from the user with an id: consoleUser

2016/11/14 22:07:47: The bot could not find any response for the input: 我爱你 with the path(s): 
我爱你 <that> * <topic> *
 from the user with an id: consoleUser

2016/11/14 22:07:48: The bot could not find any response for the input: 我爱你 with the path(s): 
我爱你 <that> * <topic> *
 from the user with an id: consoleUser

2016/11/14 22:08:29: The bot could not find any response for the input: 我爱你 with the path(s): 
我爱你 <that> * <topic> *
 from the user with an id: consoleUser

2016/11/14 22:08:30: The bot could not find any response for the input: 我爱你 with the path(s): 
我爱你 <that> * <topic> *
 from the user with an id: consoleUser

2016/11/14 22:08:59: The bot could not find any response for the input: 我爱你 with the path(s): 
我爱你 <that> * <topic> *
 from the user with an id: consoleUser

2016/11/14 22:09:02: The bot could not find any response for the input: 我爱你 with the path(s): 
我爱你 <that> * <topic> *
 from the user with an id: consoleUser

2016/11/14 22:09:03: The bot could not find any response for the input: 我爱你 with the path(s): 
我爱你 <that> * <topic> *
 from the user with an id: consoleUser

2016/11/14 22:09:07: The bot could not find any response for the input: 我爱你 with the path(s): 
我爱你 <that> * <topic> *
 from the user with an id: consoleUser

2016/11/14 22:09:07: The bot could not find any response for the input: 我爱你 with the path(s): 
我爱你 <that> * <topic> *
 from the user with an id: consoleUser

2016/11/14 22:09:08: The bot could not find any response for the input: 我爱你 with the path(s): 
我爱你 <that> * <topic> *
 from the user with an id: consoleUser

2016/11/14 22:09:09: The bot could not find any response for the input: 我爱你 with the path(s): 
我爱你 <that> * <topic> *
 from the user with an id: consoleUser

2016/11/14 22:09:10: The bot could not find any response for the input: 我爱你 with the path(s): 
我爱你 <that> * <topic> *
 from the user with an id: consoleUser

2016/11/14 22:09:10: The bot could not find any response for the input: 我爱你 with the path(s): 
我爱你 <that> * <topic> *
 from the user with an id: consoleUser

2016/11/14 22:09:10: The bot could not find any response for the input: 我爱你 with the path(s): 
我爱你 <that> * <topic> *
 from the user with an id: consoleUser

2016/11/14 22:09:11: The bot could not find any response for the input: 我爱你 with the path(s): 
我爱你 <that> * <topic> *
 from the user with an id: consoleUser

2016/11/14 22:09:12: The bot could not find any response for the input: 我爱你 with the path(s): 
我爱你 <that> * <topic> *
 from the user with an id: consoleUser

2016/11/14 22:09:14: The bot could not find any response for the input: 我爱你 with the path(s): 
我爱你 <that> * <topic> *
 from the user with an id: consoleUser

2016/11/14 22:09:16: The bot could not find any response for the input: 我爱你 with the path(s): 
我爱你 <that> * <topic> *
 from the user with an id: consoleUser

2016/11/14 22:09:17: The bot could not find any response for the input: 我爱你 with the path(s): 
我爱你 <that> * <topic> *
 from the user with an id: consoleUser

2016/11/14 22:09:23: The bot could not find any response for the input: 我爱你 with the path(s): 
我爱你 <that> * <topic> *
 from the user with an id: consoleUser

2016/11/14 22:09:23: The bot could not find any response for the input: 我爱你 with the path(s): 
我爱你 <that> * <topic> *
 from the user with an id: consoleUser

2016/11/14 22:09:24: The bot could not find any response for the input: 我爱你 with the path(s): 
我爱你 <that> * <topic> *
 from the user with an id: consoleUser

2016/11/14 22:09:25: The bot could not find any response for the input: 我爱你 with the path(s): 
我爱你 <that> * <topic> *
 from the user with an id: consoleUser

2016/11/14 22:09:26: The bot could not find any response for the input: 我爱你 with the path(s): 
我爱你 <that> * <topic> *
 from the user with an id: consoleUser

2016/11/14 22:09:26: The bot could not find any response for the input: 我爱你 with the path(s): 
我爱你 <that> * <topic> *
 from the user with an id: consoleUser

2016/11/14 22:09:27: The bot could not find any response for the input: 我爱你 with the path(s): 
我爱你 <that> * <topic> *
 from the user with an id: consoleUser

2016/11/14 22:09:29: The bot could not find any response for the input: 我爱你 with the path(s): 
我爱你 <that> * <topic> *
 from the user with an id: consoleUser

2016/11/14 22:09:30: The bot could not find any response for the input: 我爱你 with the path(s): 
我爱你 <that> * <topic> *
 from the user with an id: consoleUser

2016/11/14 22:09:32: The bot could not find any response for the input: 我爱你 with the path(s): 
我爱你 <that> * <topic> *
 from the user with an id: consoleUser

2016/11/14 22:09:33: The bot could not find any response for the input: 我爱你 with the path(s): 
我爱你 <that> * <topic> *
 from the user with an id: consoleUser

2016/11/14 22:09:34: The bot could not find any response for the input: 我爱你 with the path(s): 
我爱你 <that> * <topic> *
 from the user with an id: consoleUser

2016/11/14 22:09:34: The bot could not find any response for the input: 我爱你 with the path(s): 
我爱你 <that> * <topic> *
 from the user with an id: consoleUser

2016/11/14 22:09:35: The bot could not find any response for the input: 我爱你 with the path(s): 
我爱你 <that> * <topic> *
 from the user with an id: consoleUser

